d:\server_study\mkchatserver\mkchatserver\debug\vc141.pdb
d:\server_study\mkchatserver\mkchatserver\debug\vc141.idb
d:\server_study\mkchatserver\mkchatserver\debug\mkchatserverdlg.obj
d:\server_study\mkchatserver\mkchatserver\debug\mkchatserver.obj
d:\server_study\mkchatserver\mkchatserver\debug\mkchatserver.pch
d:\server_study\mkchatserver\mkchatserver\debug\pch.obj
d:\server_study\mkchatserver\mkchatserver\debug\myserver.obj
d:\server_study\multithread\mkchatserver - 복사본\mkchatserver\debug\mkchatserver.pch
d:\server_study\multithread\mkchatserver - 복사본\mkchatserver\debug\vc141.pdb
d:\server_study\multithread\mkchatserver - 복사본\mkchatserver\debug\vc141.idb
d:\server_study\multithread\mkchatserver - 복사본\mkchatserver\debug\pch.obj
d:\server_study\multithread\mkchatserver - 복사본\mkchatserver\debug\myserver.obj
d:\server_study\multithread\mkchatserver - 복사본\mkchatserver\debug\mkchatserverdlg.obj
d:\server_study\multithread\mkchatserver - 복사본\mkchatserver\debug\mkchatserver.obj
d:\server_study\mkchatserver\debug\mkchatserver.exe
d:\server_study\mkchatserver\debug\mkchatserver.ilk
d:\server_study\mkchatserver\debug\mkchatserver.pdb
d:\server_study\mkchatserver\mkchatserver\debug\mkchatserver.res
d:\server_study\multithread\mkchatserver - 복사본\mkchatserver\debug\mkchatserver.res
d:\server_study\multithread\mkchatserver - 복사본\debug\mkchatserver.pdb
d:\server_study\multithread\mkchatserver - 복사본\mkchatserver\debug\mkchatserver.tlog\cl.command.1.tlog
d:\server_study\multithread\mkchatserver - 복사본\mkchatserver\debug\mkchatserver.tlog\cl.read.1.tlog
d:\server_study\multithread\mkchatserver - 복사본\mkchatserver\debug\mkchatserver.tlog\cl.write.1.tlog
d:\server_study\multithread\mkchatserver - 복사본\mkchatserver\debug\mkchatserver.tlog\link-cvtres.read.1.tlog
d:\server_study\multithread\mkchatserver - 복사본\mkchatserver\debug\mkchatserver.tlog\link-cvtres.write.1.tlog
d:\server_study\multithread\mkchatserver - 복사본\mkchatserver\debug\mkchatserver.tlog\link-mt.read.1.tlog
d:\server_study\multithread\mkchatserver - 복사본\mkchatserver\debug\mkchatserver.tlog\link-mt.write.1.tlog
d:\server_study\multithread\mkchatserver - 복사본\mkchatserver\debug\mkchatserver.tlog\link-rc.read.1.tlog
d:\server_study\multithread\mkchatserver - 복사본\mkchatserver\debug\mkchatserver.tlog\link-rc.write.1.tlog
d:\server_study\multithread\mkchatserver - 복사본\mkchatserver\debug\mkchatserver.tlog\link.command.1.tlog
d:\server_study\multithread\mkchatserver - 복사본\mkchatserver\debug\mkchatserver.tlog\link.read.1.tlog
d:\server_study\multithread\mkchatserver - 복사본\mkchatserver\debug\mkchatserver.tlog\link.write.1.tlog
d:\server_study\multithread\mkchatserver - 복사본\mkchatserver\debug\mkchatserver.tlog\rc.command.1.tlog
d:\server_study\multithread\mkchatserver - 복사본\mkchatserver\debug\mkchatserver.tlog\rc.read.1.tlog
d:\server_study\multithread\mkchatserver - 복사본\mkchatserver\debug\mkchatserver.tlog\rc.write.1.tlog
