d:\server_study\mkchatclient\mkchatclient\debug\mkchatclient.pch
d:\server_study\mkchatclient\mkchatclient\debug\vc141.pdb
d:\server_study\mkchatclient\mkchatclient\debug\vc141.idb
d:\server_study\mkchatclient\mkchatclient\debug\pch.obj
d:\server_study\mkchatclient\mkchatclient\debug\mkchatclientdlg.obj
d:\server_study\mkchatclient\mkchatclient\debug\mkchatclient.obj
d:\server_study\multithread\mkchatclient - 복사본\mkchatclient\debug\mkchatclient.pch
d:\server_study\multithread\mkchatclient - 복사본\mkchatclient\debug\vc141.pdb
d:\server_study\multithread\mkchatclient - 복사본\mkchatclient\debug\vc141.idb
d:\server_study\multithread\mkchatclient - 복사본\mkchatclient\debug\pch.obj
d:\server_study\multithread\mkchatclient - 복사본\mkchatclient\debug\mkchatclientdlg.obj
d:\server_study\multithread\mkchatclient - 복사본\mkchatclient\debug\mkchatclient.obj
d:\server_study\mkchatclient\debug\mkchatclient.ilk
d:\server_study\mkchatclient\debug\mkchatclient.exe
d:\server_study\mkchatclient\debug\mkchatclient.pdb
d:\server_study\mkchatclient\mkchatclient\debug\mkchatclient.res
d:\server_study\multithread\mkchatclient - 복사본\mkchatclient\debug\mkchatclient.res
d:\server_study\multithread\mkchatclient - 복사본\debug\mkchatclient.pdb
d:\server_study\multithread\mkchatclient - 복사본\mkchatclient\debug\mkchatclient.tlog\cl.command.1.tlog
d:\server_study\multithread\mkchatclient - 복사본\mkchatclient\debug\mkchatclient.tlog\cl.read.1.tlog
d:\server_study\multithread\mkchatclient - 복사본\mkchatclient\debug\mkchatclient.tlog\cl.write.1.tlog
d:\server_study\multithread\mkchatclient - 복사본\mkchatclient\debug\mkchatclient.tlog\link-cvtres.read.1.tlog
d:\server_study\multithread\mkchatclient - 복사본\mkchatclient\debug\mkchatclient.tlog\link-cvtres.write.1.tlog
d:\server_study\multithread\mkchatclient - 복사본\mkchatclient\debug\mkchatclient.tlog\link-mt.read.1.tlog
d:\server_study\multithread\mkchatclient - 복사본\mkchatclient\debug\mkchatclient.tlog\link-mt.write.1.tlog
d:\server_study\multithread\mkchatclient - 복사본\mkchatclient\debug\mkchatclient.tlog\link-rc.read.1.tlog
d:\server_study\multithread\mkchatclient - 복사본\mkchatclient\debug\mkchatclient.tlog\link-rc.write.1.tlog
d:\server_study\multithread\mkchatclient - 복사본\mkchatclient\debug\mkchatclient.tlog\link.command.1.tlog
d:\server_study\multithread\mkchatclient - 복사본\mkchatclient\debug\mkchatclient.tlog\link.read.1.tlog
d:\server_study\multithread\mkchatclient - 복사본\mkchatclient\debug\mkchatclient.tlog\link.write.1.tlog
d:\server_study\multithread\mkchatclient - 복사본\mkchatclient\debug\mkchatclient.tlog\rc.command.1.tlog
d:\server_study\multithread\mkchatclient - 복사본\mkchatclient\debug\mkchatclient.tlog\rc.read.1.tlog
d:\server_study\multithread\mkchatclient - 복사본\mkchatclient\debug\mkchatclient.tlog\rc.write.1.tlog
